

Started GET "/" for ::1 at 2016-07-04 17:07:15 -0700
  [1m[36mActiveRecord::SchemaMigration Load (0.8ms)[0m  [1mSELECT "schema_migrations".* FROM "schema_migrations"[0m
Processing by WelcomeController#index as HTML
  Rendered welcome/index.html.erb within layouts/application (2.4ms)
Completed 200 OK in 2803ms (Views: 2785.9ms | ActiveRecord: 0.0ms)


Started GET "/assets/welcome.self-e3b0c44298fc1c149afbf4c8996fb92427ae41e4649b934ca495991b7852b855.css?body=1" for ::1 at 2016-07-04 17:07:18 -0700


Started GET "/assets/application.self-e80e8f2318043e8af94dddc2adad5a4f09739a8ebb323b3ab31cd71d45fd9113.css?body=1" for ::1 at 2016-07-04 17:07:18 -0700


Started GET "/assets/jquery.self-660adc51e0224b731d29f575a6f1ec167ba08ad06ed5deca4f1e8654c135bf4c.js?body=1" for ::1 at 2016-07-04 17:07:18 -0700


Started GET "/assets/jquery_ujs.self-e87806d0cf4489aeb1bb7288016024e8de67fd18db693fe026fe3907581e53cd.js?body=1" for ::1 at 2016-07-04 17:07:18 -0700


Started GET "/assets/application.self-3b8dabdc891efe46b9a144b400ad69e37d7e5876bdc39dee783419a69d7ca819.js?body=1" for ::1 at 2016-07-04 17:07:18 -0700


Started GET "/assets/welcome.self-877aef30ae1b040ab8a3aba4e3e309a11d7f2612f44dde450b5c157aa5f95c05.js?body=1" for ::1 at 2016-07-04 17:07:19 -0700
  [1m[36mActiveRecord::SchemaMigration Load (0.9ms)[0m  [1mSELECT "schema_migrations".* FROM "schema_migrations"[0m


Started GET "/assets/turbolinks.self-c37727e9bd6b2735da5c311aa83fead54ed0be6cc8bd9a65309e9c5abe2cbfff.js?body=1" for ::1 at 2016-07-04 17:07:19 -0700


Started GET "/users" for ::1 at 2016-07-04 17:07:38 -0700
Processing by API::UsersController#index as HTML
  [1m[35mUser Load (1.5ms)[0m  SELECT "users".* FROM "users"
Completed 200 OK in 41ms (Views: 10.8ms | ActiveRecord: 7.5ms)


Started GET "/" for ::1 at 2016-07-04 17:14:35 -0700
  [1m[36mActiveRecord::SchemaMigration Load (0.6ms)[0m  [1mSELECT "schema_migrations".* FROM "schema_migrations"[0m
Processing by WelcomeController#index as HTML
  Rendered welcome/index.html.erb within layouts/application (3.2ms)
Completed 200 OK in 637ms (Views: 614.4ms | ActiveRecord: 0.0ms)


Started GET "/" for ::1 at 2016-07-04 17:14:36 -0700
Processing by WelcomeController#index as HTML
  Rendered welcome/index.html.erb within layouts/application (0.2ms)
Completed 200 OK in 22ms (Views: 21.0ms | ActiveRecord: 0.0ms)


Started GET "/users/1" for ::1 at 2016-07-04 17:14:41 -0700
Processing by API::UsersController#show as HTML
  Parameters: {"id"=>"1"}
  [1m[35mUser Load (1.6ms)[0m  SELECT  "users".* FROM "users" WHERE "users"."id" = $1 LIMIT 1  [["id", 1]]
Completed 200 OK in 32ms (Views: 1.3ms | ActiveRecord: 8.3ms)


Started GET "/users/2" for ::1 at 2016-07-04 17:14:50 -0700
Processing by API::UsersController#show as HTML
  Parameters: {"id"=>"2"}
  [1m[36mUser Load (1.4ms)[0m  [1mSELECT  "users".* FROM "users" WHERE "users"."id" = $1 LIMIT 1[0m  [["id", 2]]
Completed 200 OK in 4ms (Views: 1.1ms | ActiveRecord: 1.4ms)


Started GET "/users/3" for ::1 at 2016-07-04 17:14:54 -0700
Processing by API::UsersController#show as HTML
  Parameters: {"id"=>"3"}
  [1m[35mUser Load (1.0ms)[0m  SELECT  "users".* FROM "users" WHERE "users"."id" = $1 LIMIT 1  [["id", 3]]
Completed 200 OK in 4ms (Views: 1.2ms | ActiveRecord: 1.0ms)


Started GET "/users/4" for ::1 at 2016-07-04 17:15:02 -0700
Processing by API::UsersController#show as HTML
  Parameters: {"id"=>"4"}
  [1m[36mUser Load (0.4ms)[0m  [1mSELECT  "users".* FROM "users" WHERE "users"."id" = $1 LIMIT 1[0m  [["id", 4]]
Completed 200 OK in 3ms (Views: 0.8ms | ActiveRecord: 0.4ms)


Started GET "/users" for ::1 at 2016-07-04 17:15:14 -0700
Processing by API::UsersController#index as HTML
  [1m[35mUser Load (0.4ms)[0m  SELECT "users".* FROM "users"
Completed 200 OK in 4ms (Views: 3.4ms | ActiveRecord: 0.4ms)
